#
# There is insufficient memory for the Java Runtime Environment to continue.
# Native memory allocation (mmap) failed to map 232783872 bytes for G1 virtual space
# Possible reasons:
#   The system is out of physical RAM or swap space
#   The process is running with CompressedOops enabled, and the Java Heap may be blocking the growth of the native heap
# Possible solutions:
#   Reduce memory load on the system
#   Increase physical memory or swap space
#   Check if swap backing store is full
#   Decrease Java heap size (-Xmx/-Xms)
#   Decrease number of Java threads
#   Decrease Java thread stack sizes (-Xss)
#   Set larger code cache with -XX:ReservedCodeCacheSize=
#   JVM is running with Zero Based Compressed Oops mode in which the Java heap is
#     placed in the first 32GB address space. The Java Heap base address is the
#     maximum limit for the native heap growth. Please use -XX:HeapBaseMinAddress
#     to set the Java Heap base and to place the Java Heap above 32GB virtual address.
# This output file may be truncated or incomplete.
#
#  Out of Memory Error (os_windows.cpp:3769), pid=17284, tid=59596
#
# JRE version:  (17.0.6+10) (build )
# Java VM: OpenJDK 64-Bit Server VM (17.0.6+10-b829.5, mixed mode, sharing, tiered, compressed oops, compressed class ptrs, g1 gc, windows-amd64)
# No core dump will be written. Minidumps are not enabled by default on client versions of Windows
#

---------------  S U M M A R Y ------------

Command Line: -Dfile.encoding=utf-8 C:\Users\20960\AppData\Local\Huawei\Sdk\openharmony\9\toolchains\lib\app_packing_tool.jar --mode hap --force true --lib-path C:\Users\20960\Desktop\0-HelloWorld\entry\build\default\intermediates\libs\default --json-path C:\Users\20960\Desktop\0-HelloWorld\entry\build\default\intermediates\res\default\module.json --resources-path C:\Users\20960\Desktop\0-HelloWorld\entry\build\default\intermediates\res\default\resources --index-path C:\Users\20960\Desktop\0-HelloWorld\entry\build\default\intermediates\res\default\resources.index --pack-info-path C:\Users\20960\Desktop\0-HelloWorld\entry\build\default\outputs\default\pack.info --out-path C:\Users\20960\Desktop\0-HelloWorld\entry\build\default\outputs\default\entry-default-unsigned.hap --ets-path C:\Users\20960\Desktop\0-HelloWorld\entry\build\default\intermediates\loader_out\default\ets

Host: AMD Ryzen 7 5800H with Radeon Graphics         , 16 cores, 13G,  Windows 11 , 64 bit Build 22000 (10.0.22000.2538)
Time: Fri Nov 24 21:00:49 2023  Windows 11 , 64 bit Build 22000 (10.0.22000.2538) elapsed time: 0.012533 seconds (0d 0h 0m 0s)

---------------  T H R E A D  ---------------

Current thread (0x00000177492ef670):  JavaThread "Unknown thread" [_thread_in_vm, id=59596, stack(0x0000004501c00000,0x0000004501d00000)]

Stack: [0x0000004501c00000,0x0000004501d00000]
Native frames: (J=compiled Java code, j=interpreted, Vv=VM code, C=native code)
V  [jvm.dll+0x683b4a]
V  [jvm.dll+0x842654]
V  [jvm.dll+0x843dfe]
V  [jvm.dll+0x844463]
V  [jvm.dll+0x249b75]
V  [jvm.dll+0x680a19]
V  [jvm.dll+0x674f0a]
V  [jvm.dll+0x309acb]
V  [jvm.dll+0x310f86]
V  [jvm.dll+0x3608ee]
V  [jvm.dll+0x360b1f]
V  [jvm.dll+0x2dfbf8]
V  [jvm.dll+0x2e0b64]
V  [jvm.dll+0x813f41]
V  [jvm.dll+0x36e6a1]
V  [jvm.dll+0x7f347c]
V  [jvm.dll+0x3f0e8f]
V  [jvm.dll+0x3f29d1]
C  [jli.dll+0x526b]
C  [ucrtbase.dll+0x26c0c]
C  [KERNEL32.DLL+0x153e0]
C  [ntdll.dll+0x485b]


---------------  P R O C E S S  ---------------

Threads class SMR info:
_java_thread_list=0x00007ff8b890c058, length=0, elements={
}

Java Threads: ( => current thread )

Other Threads:
  0x0000017749354300 GCTaskThread "GC Thread#0" [stack: 0x0000004501d00000,0x0000004501e00000] [id=52688]
  0x0000017749363000 ConcurrentGCThread "G1 Main Marker" [stack: 0x0000004501e00000,0x0000004501f00000] [id=59444]
  0x0000017749363a10 ConcurrentGCThread "G1 Conc#0" [stack: 0x0000004501f00000,0x0000004502000000] [id=24348]

[error occurred during error reporting (printing all threads), id 0xc0000005, EXCEPTION_ACCESS_VIOLATION (0xc0000005) at pc=0x00007ff8b80c0797]

VM state: not at safepoint (not fully initialized)

VM Mutex/Monitor currently owned by a thread:  ([mutex/lock_event])
[0x00000177492ec870] Heap_lock - owner thread: 0x00000177492ef670

Heap address: 0x0000000722400000, size: 3548 MB, Compressed Oops mode: Zero based, Oop shift amount: 3

CDS archive(s) mapped at: [0x0000000000000000-0x0000000000000000-0x0000000000000000), size 0, SharedBaseAddress: 0x0000000800000000, ArchiveRelocationMode: 0.
Narrow klass base: 0x0000000000000000, Narrow klass shift: 0, Narrow klass range: 0x0

GC Precious Log:
<Empty>

Heap:
 garbage-first heap   total 0K, used 0K [0x0000000722400000, 0x0000000800000000)
  region size 2048K, 0 young (0K), 0 survivors (0K)

[error occurred during error reporting (printing heap information), id 0xc0000005, EXCEPTION_ACCESS_VIOLATION (0xc0000005) at pc=0x00007ff8b84ad939]

GC Heap History (0 events):
No events

Dll operation events (1 events):
Event: 0.008 Loaded shared library B:\Huawei\DevEco Studio\jbr\bin\java.dll

Deoptimization events (0 events):
No events

Classes unloaded (0 events):
No events

Classes redefined (0 events):
No events

Internal exceptions (0 events):
No events

VM Operations (0 events):
No events

Events (0 events):
No events


Dynamic libraries:
0x00007ff7fa390000 - 0x00007ff7fa39a000 	B:\Huawei\DevEco Studio\jbr\bin\java.exe
0x00007ff8fe020000 - 0x00007ff8fe229000 	C:\WINDOWS\SYSTEM32\ntdll.dll
0x00007ff8fc540000 - 0x00007ff8fc5fd000 	C:\WINDOWS\System32\KERNEL32.DLL
0x00007ff8fbae0000 - 0x00007ff8fbe64000 	C:\WINDOWS\System32\KERNELBASE.dll
0x00007ff8fb4b0000 - 0x00007ff8fb5c1000 	C:\WINDOWS\System32\ucrtbase.dll
0x00007ff8e4270000 - 0x00007ff8e428b000 	B:\Huawei\DevEco Studio\jbr\bin\VCRUNTIME140.dll
0x00007ff8e6f80000 - 0x00007ff8e6f97000 	B:\Huawei\DevEco Studio\jbr\bin\jli.dll
0x00007ff8fc390000 - 0x00007ff8fc53d000 	C:\WINDOWS\System32\USER32.dll
0x00007ff8fba30000 - 0x00007ff8fba56000 	C:\WINDOWS\System32\win32u.dll
0x00007ff8e7070000 - 0x00007ff8e7315000 	C:\WINDOWS\WinSxS\amd64_microsoft.windows.common-controls_6595b64144ccf1df_6.0.22000.120_none_9d947278b86cc467\COMCTL32.dll
0x00007ff8fd700000 - 0x00007ff8fd72a000 	C:\WINDOWS\System32\GDI32.dll
0x00007ff8fd7d0000 - 0x00007ff8fd873000 	C:\WINDOWS\System32\msvcrt.dll
0x00007ff8fb910000 - 0x00007ff8fba2e000 	C:\WINDOWS\System32\gdi32full.dll
0x00007ff8fb5d0000 - 0x00007ff8fb66d000 	C:\WINDOWS\System32\msvcp_win.dll
0x00007ff8fc600000 - 0x00007ff8fc631000 	C:\WINDOWS\System32\IMM32.DLL
0x00007ff8e3ef0000 - 0x00007ff8e3efc000 	B:\Huawei\DevEco Studio\jbr\bin\vcruntime140_1.dll
0x00007ff8c2180000 - 0x00007ff8c220d000 	B:\Huawei\DevEco Studio\jbr\bin\msvcp140.dll
0x00007ff8b7dd0000 - 0x00007ff8b8a3d000 	B:\Huawei\DevEco Studio\jbr\bin\server\jvm.dll
0x00007ff8fdd70000 - 0x00007ff8fde1e000 	C:\WINDOWS\System32\ADVAPI32.dll
0x00007ff8fd880000 - 0x00007ff8fd91e000 	C:\WINDOWS\System32\sechost.dll
0x00007ff8fbe70000 - 0x00007ff8fbf91000 	C:\WINDOWS\System32\RPCRT4.dll
0x00007ff8f4df0000 - 0x00007ff8f4e23000 	C:\WINDOWS\SYSTEM32\WINMM.dll
0x00007ff8f2c40000 - 0x00007ff8f2c4a000 	C:\WINDOWS\SYSTEM32\VERSION.dll
0x00007ff8f6180000 - 0x00007ff8f6189000 	C:\WINDOWS\SYSTEM32\WSOCK32.dll
0x00007ff8fc180000 - 0x00007ff8fc1ef000 	C:\WINDOWS\System32\WS2_32.dll
0x00007ff8fa5e0000 - 0x00007ff8fa5f8000 	C:\WINDOWS\SYSTEM32\kernel.appcore.dll
0x00007ff8f6930000 - 0x00007ff8f693a000 	B:\Huawei\DevEco Studio\jbr\bin\jimage.dll
0x00007ff8f8f80000 - 0x00007ff8f91a1000 	C:\WINDOWS\SYSTEM32\DBGHELP.DLL
0x00007ff8f0000000 - 0x00007ff8f0031000 	C:\WINDOWS\SYSTEM32\dbgcore.DLL
0x00007ff8fba60000 - 0x00007ff8fbadf000 	C:\WINDOWS\System32\bcryptPrimitives.dll
0x00007ff8ec000000 - 0x00007ff8ec025000 	B:\Huawei\DevEco Studio\jbr\bin\java.dll

dbghelp: loaded successfully - version: 4.0.5 - missing functions: none
symbol engine: initialized successfully - sym options: 0x614 - pdb path: .;B:\Huawei\DevEco Studio\jbr\bin;C:\WINDOWS\SYSTEM32;C:\WINDOWS\WinSxS\amd64_microsoft.windows.common-controls_6595b64144ccf1df_6.0.22000.120_none_9d947278b86cc467;B:\Huawei\DevEco Studio\jbr\bin\server

VM Arguments:
jvm_args: -Dfile.encoding=utf-8 
java_command: C:\Users\20960\AppData\Local\Huawei\Sdk\openharmony\9\toolchains\lib\app_packing_tool.jar --mode hap --force true --lib-path C:\Users\20960\Desktop\0-HelloWorld\entry\build\default\intermediates\libs\default --json-path C:\Users\20960\Desktop\0-HelloWorld\entry\build\default\intermediates\res\default\module.json --resources-path C:\Users\20960\Desktop\0-HelloWorld\entry\build\default\intermediates\res\default\resources --index-path C:\Users\20960\Desktop\0-HelloWorld\entry\build\default\intermediates\res\default\resources.index --pack-info-path C:\Users\20960\Desktop\0-HelloWorld\entry\build\default\outputs\default\pack.info --out-path C:\Users\20960\Desktop\0-HelloWorld\entry\build\default\outputs\default\entry-default-unsigned.hap --ets-path C:\Users\20960\Desktop\0-HelloWorld\entry\build\default\intermediates\loader_out\default\ets
java_class_path (initial): C:\Users\20960\AppData\Local\Huawei\Sdk\openharmony\9\toolchains\lib\app_packing_tool.jar
Launcher Type: SUN_STANDARD

[Global flags]
     intx CICompilerCount                          = 12                                        {product} {ergonomic}
     uint ConcGCThreads                            = 3                                         {product} {ergonomic}
     uint G1ConcRefinementThreads                  = 13                                        {product} {ergonomic}
   size_t G1HeapRegionSize                         = 2097152                                   {product} {ergonomic}
    uintx GCDrainStackTargetSize                   = 64                                        {product} {ergonomic}
   size_t InitialHeapSize                          = 232783872                                 {product} {ergonomic}
   size_t MarkStackSize                            = 4194304                                   {product} {ergonomic}
   size_t MaxHeapSize                              = 3720347648                                {product} {ergonomic}
   size_t MinHeapDeltaBytes                        = 2097152                                   {product} {ergonomic}
   size_t MinHeapSize                              = 8388608                                   {product} {ergonomic}
    uintx NonNMethodCodeHeapSize                   = 7602480                                {pd product} {ergonomic}
    uintx NonProfiledCodeHeapSize                  = 122027880                              {pd product} {ergonomic}
    uintx ProfiledCodeHeapSize                     = 122027880                              {pd product} {ergonomic}
    uintx ReservedCodeCacheSize                    = 251658240                              {pd product} {ergonomic}
     bool SegmentedCodeCache                       = true                                      {product} {ergonomic}
   size_t SoftMaxHeapSize                          = 3720347648                             {manageable} {ergonomic}
     bool UseCompressedClassPointers               = true                           {product lp64_product} {ergonomic}
     bool UseCompressedOops                        = true                           {product lp64_product} {ergonomic}
     bool UseG1GC                                  = true                                      {product} {ergonomic}
     bool UseLargePagesIndividualAllocation        = false                                  {pd product} {ergonomic}

Logging:
Log output configuration:
 #0: stdout all=warning uptime,level,tags
 #1: stderr all=off uptime,level,tags

Environment Variables:
JAVA_HOME=B:\Java\jdk-17.0.7
CLASSPATH=.;B:\Java\jdk-17.0.7\lib\dt.jar;B:\Java\jdk-17.0.7\lib\tools.jar;B:\antlr4\antlr-4.12.0-complete.jar;
PATH=B:\Huawei\DevEco Studio\jbr\bin;C:/Users/20960/nodejs;B:\VMware\bin\;B:\Java\jdk-17.0.7\bin;B:\mingw64\bin;C:\Windows\system32;C:\Windows;C:\Windows\System32\Wbem;C:\Windows\System32\WindowsPowerShell\v1.0\;C:\Windows\System32\OpenSSH\;C:\Program Files (x86)\NVIDIA Corporation\PhysX\Common;C:\Program Files\NVIDIA Corporation\NVIDIA NvDLISR;C:\WINDOWS\system32;C:\WINDOWS;C:\WINDOWS\System32\Wbem;C:\WINDOWS\System32\WindowsPowerShell\v1.0\;C:\WINDOWS\System32\OpenSSH\;B:\Git\cmd;B:\微信web开发者工具\dll;C:\Pro;ram Files\Common Files\Oracle\Java\javapath;C:\Program Files (x86)\Common Files\Oracle\Java\javapath;B:\Java\jdk-17.0.7\jre\bin;B:\antlr4;C:\Program Files (x86)\Git\cmd;B:\nodejs\;B:\nodejs\node_global\node_modules;B:\mysql\install\bin;B:\Maven\apache-maven-3.9.1\bin;B:\Java\jdk-17.0.7;C:\Users\20960\AppData\Local\Pandoc;B:\Redis;C:\Program Files\MongoDB\Server\5.0\bin;;C:\Program Files\Docker\Docker\resources\bin;C:\ProgramData\chocolatey\bin;C:\Users\20960\AppData\Local\Microsoft\WindowsApps;B:\CLion 2022.2.3\bin;;B:\PyCharm 2022.2.2\bin;;B:\WebStorm 2023.1\bin;;B:\nodejs\node_global;;B:\Huawei\DevEco Studio\bin;;C:\Users\20960\AppData\Local\Pandoc\;C:\Users\20960\AppData\Local\Programs\Microsoft VS Code\bin;C:\Users\20960\nodejs;B:\Huawei\DevEco Studio\jbr\bin;B:\VMware\bin\;B:\Java\jdk-17.0.7\bin;B:\mingw64\bin;C:\Windows\system32;C:\Windows;C:\Windows\System32\Wbem;C:\Windows\System32\WindowsPowerShell\v1.0\;C:\Windows\System32\OpenSSH\;C:\Program Files (x86)\NVIDIA Corporation\PhysX\Common;C:\Program Files\NVIDIA Corporation\NVIDIA NvDLISR;C:\WINDOWS\system32;C:\WINDOWS;C:\WINDOWS\System32\Wbem;C:\WINDOWS\System32\WindowsPowerShell\v1.0\;C:\WINDOWS\System32\OpenSSH\;B:\Git\cmd;B:\微信web开发者工具\dll;C:\Pro;ram Files\Common Files\Oracle\Java\javapath;C:\Program Files (x86)\Common Files\Oracle\Java\javapath;B:\Java\jdk-17.0.7\jre\bin;B:\antlr4;C:\Program Files (x86)\Git\cmd;B:\nodejs\;B:\nodejs\node_global\node_modules;B:\mysql\install\bin;B:\Maven\apach
USERNAME=20960
OS=Windows_NT
PROCESSOR_IDENTIFIER=AMD64 Family 25 Model 80 Stepping 0, AuthenticAMD
TMP=C:\Users\20960\AppData\Local\Temp
TEMP=C:\Users\20960\AppData\Local\Temp



---------------  S Y S T E M  ---------------

OS:
 Windows 11 , 64 bit Build 22000 (10.0.22000.2538)
OS uptime: 0 days 8:41 hours
Hyper-V role detected

CPU: total 16 (initial active 16) (16 cores per cpu, 2 threads per core) family 25 model 80 stepping 0 microcode 0x0, cx8, cmov, fxsr, ht, mmx, 3dnowpref, sse, sse2, sse3, ssse3, sse4a, sse4.1, sse4.2, popcnt, lzcnt, tsc, tscinvbit, avx, avx2, aes, erms, clmul, bmi1, bmi2, adx, sha, fma, vzeroupper, clflush, clflushopt, hv

Memory: 4k page, system-wide physical 14188M (5470M free)
TotalPageFile size 20587M (AvailPageFile size 176M)
current process WorkingSet (physical memory assigned to process): 10M, peak: 10M
current process commit charge ("private bytes"): 70M, peak: 292M

vm_info: OpenJDK 64-Bit Server VM (17.0.6+10-b829.5) for windows-amd64 JRE (17.0.6+10-b829.5), built on 2023-02-24 by "builduser" with MS VC++ 16.10 / 16.11 (VS2019)

END.
